==26783== Memcheck, a memory error detector
==26783== Copyright (C) 2002-2013, and GNU GPL'd, by Julian Seward et al.
==26783== Using Valgrind-3.9.0 and LibVEX; rerun with -h for copyright info
==26783== Command: ./keyvalue test1.in test2.in test3.in
==26783== 
==26783== Conditional jump or move depends on uninitialised value(s)
==26783==    at 0x3CC2885D5C: Perl_re_compile (in /usr/lib64/perl5/CORE/libperl.so)
==26783==    by 0x3CC283F315: Perl_pmruntime (in /usr/lib64/perl5/CORE/libperl.so)
==26783==    by 0x3CC286FF8D: Perl_yyparse (in /usr/lib64/perl5/CORE/libperl.so)
==26783==    by 0x3CC284AC32: ??? (in /usr/lib64/perl5/CORE/libperl.so)
==26783==    by 0x3CC284D642: perl_parse (in /usr/lib64/perl5/CORE/libperl.so)
==26783==    by 0x400DA6: main (in /usr/bin/perl)
==26783== 
==26783== Warning: bad signal number 0 in sigaction()
test1.in: 1: a=b
a = b
test1.in: 2: key=value
key = value
test1.in: 3: this=is a test
this = is a test
test1.in: 4: this
this = is a test
test1.in: 5: key
key = value
test1.in: 6: a
a = b
test1.in: 7: # $Id: test1.in,v 1.1 2010-02-09 20:31:28-08 - - $
test2.in: 1: key=value
key = value
test2.in: 2: second=third
second = third
test2.in: 3: foo=bar
foo = bar
test2.in: 4: f1=51
f1 = 51
test2.in: 5: f2=52
f2 = 52
test2.in: 6: foobar=baz
foobar = baz
test2.in: 7: baz=quux
baz = quux
test2.in: 8: this=is=a=test
this = is=a=test
test2.in: 9: =
a = b
baz = quux
f1 = 51
f2 = 52
foo = bar
foobar = baz
key = value
second = third
this = is=a=test
test2.in: 10: a=value
a = value
test2.in: 11: b=value
b = value
test2.in: 12: =value
a = value
b = value
key = value
test2.in: 13: # $Id: test2.in,v 1.1 2010-02-09 20:31:28-08 - - $
test3.in: 1: # Comments should be ignored
test3.in: 2: 
test3.in: 3: 
test3.in: 4: also ignore blank lines
also ignore blank lines: key not found
test3.in: 5: this file contains nonexistent keys
this file contains nonexistent keys: key not found
test3.in: 6: all output should be error messages
all output should be error messages: key not found
test3.in: 7: # $Id: test3.in,v 1.1 2010-02-09 20:31:28-08 - - $
==26783== 
==26783== HEAP SUMMARY:
==26783==     in use at exit: 314,944 bytes in 2,846 blocks
==26783==   total heap usage: 6,438 allocs, 3,592 frees, 546,953 bytes allocated
==26783== 
==26783== LEAK SUMMARY:
==26783==    definitely lost: 11,846 bytes in 21 blocks
==26783==    indirectly lost: 299,002 bytes in 2,824 blocks
==26783==      possibly lost: 4,096 bytes in 1 blocks
==26783==    still reachable: 0 bytes in 0 blocks
==26783==         suppressed: 0 bytes in 0 blocks
==26783== Rerun with --leak-check=full to see details of leaked memory
==26783== 
==26783== For counts of detected and suppressed errors, rerun with: -v
==26783== Use --track-origins=yes to see where uninitialised values come from
==26783== ERROR SUMMARY: 1 errors from 1 contexts (suppressed: 6 from 6)
